Arguments: 
  /usr/bin/node /usr/bin/yarn publish

PATH: 
  /home/rodcordeiro/.zinit/polaris/bin:/usr/local/bin:/usr/local/sbin:/usr/bin:/usr/sbin:/home/rodcordeiro/bin:/home/rodcordeiro/.dotnet/tools:/home/rodcordeiro/Android/Sdk/emulator:/home/rodcordeiro/Android/Sdk/tools:/home/rodcordeiro/Android/Sdk/tools/bin:/home/rodcordeiro/Android/Sdk/platform-tools:/usr/local/android-studio/bin

Yarn version: 
  1.22.10

Node version: 
  16.11.1

Platform: 
  linux x64

Trace: 
  Error: https://registry.yarnpkg.com/-/user/org.couchdb.user:rodcordeiro: failed to authenticate: Could not authenticate rodcordeiro: bad password
      at Request.params.callback [as _callback] (/usr/lib/node_modules/yarn/lib/util/request-manager.js:452:18)
      at Request.self.callback (/usr/lib/node_modules/yarn/node_modules/request/request.js:185:22)
      at Request.emit (node:events:390:28)
      at Request.<anonymous> (/usr/lib/node_modules/yarn/node_modules/request/request.js:1154:10)
      at Request.emit (node:events:390:28)
      at IncomingMessage.<anonymous> (/usr/lib/node_modules/yarn/node_modules/request/request.js:1076:12)
      at Object.onceWrapper (node:events:509:28)
      at IncomingMessage.emit (node:events:402:35)
      at endReadableNT (node:internal/streams/readable:1343:12)
      at processTicksAndRejections (node:internal/process/task_queues:83:21)

npm manifest: 
  {
    "name": "rodcordeiro",
    "version": "1.0.1",
    "description": "My personal data card",
    "author": "Rodrigo Cordeiro <rodrigomendoncca@gmail.com> (https://rodcordeiro.com.br)",
    "private": false,
    "bin": {
      "rodcordeiro": "./index.js"
    },
    "main": "./info.json",
    "scripts": {
      "test": "echo \"Error: no test specified\" && exit 1"
    },
    "repository": {
      "type": "git",
      "url": "git+https://github.com/rodcordeiro/rodcordeiro.git"
    },
    "keywords": [
      "person",
      "contact"
    ],
    "license": "ISC",
    "bugs": {
      "url": "https://github.com/rodcordeiro/rodcordeiro/issues"
    },
    "homepage": "https://github.com/rodcordeiro/rodcordeiro#readme"
  }

yarn manifest: 
  No manifest

Lockfile: 
  # THIS IS AN AUTOGENERATED FILE. DO NOT EDIT THIS FILE DIRECTLY.
  # yarn lockfile v1
